<?xml version="1.0" encoding="UTF-8"?>
<testExecutions version="1">
  <file path="C:\Users\Administrator\Downloads\airline-frontend-feature1\airline-frontend-feature1\src\components\__tests__\AddFlight.test.js">
    <testCase name="AddFlight Component renders add flight form" duration="1418">
      <failure message="TestingLibraryElementError: Found a label with the text of: Ticket Price, however no form control was found associated to that label. Make sure you&apos;re using the &quot;for&quot; attribute or &quot;aria-labelledby&quot; attribute correctly."><![CDATA[TestingLibraryElementError: Found a label with the text of: Ticket Price, however no form control was found associated to that label. Make sure you're using the "for" attribute or "aria-labelledby" attribute correctly.

Ignored nodes: comments, script, style
<body>
  <div>
    <div
      class="container"
    >
      <div
        class="card col-md-6 offset-md-3 offset-md-3 p-4 mt-5"
      >
        <h1>
          Add Flight
        </h1>
        <div
          class="card-body"
        >
          <form
            class=""
          >
            <div
              class="mb-3"
            >
              <label
                class="form-label"
                for="flightName"
              >
                Flight Name
              </label>
              <select
                class="form-select"
                id="flightName"
                name="flightName"
                required=""
              >
                <option>
                  Select Airline..
                </option>
                <option
                  value="Vistara"
                >
                  Vistara
                </option>
                <option
                  value="Air-Emirates"
                >
                  Air-Emirates
                </option>
                <option
                  value="Qatar Airways"
                >
                  Qatar Airways
                </option>
                <option
                  value="Air-India"
                >
                  Air-India
                </option>
                <option
                  value="Indigo"
                >
                  Indigo
                </option>
              </select>
            </div>
            <div
              class="mb-3"
            >
              <label
                class="form-label"
                for="source"
              >
                Source
              </label>
              <select
                class="form-select"
                id="source"
                name="source"
                required=""
              >
                <option>
                  Select Source..
                </option>
                <option
                  value="Pune"
                >
                  Pune
                </option>
                <option
                  value="Mumbai"
                >
                  Mumbai
                </option>
                <option
                  value="Chennai"
                >
                  Chennai
                </option>
                <option
                  value="Delhi"
                >
                  Delhi
                </option>
                <option
                  value="Kolkata"
                >
                  Kolkata
                </option>
              </select>
            </div>
            <div
              class="mb-3"
            >
              <label
                class="form-label"
                for="destination"
              >
                Destination
              </label>
              <select
                class="form-select"
                id="destination"
                name="destination"
                required=""
              >
                <option>
                  Select Destination..
                </option>
                <option
                  value="Chicago"
                >
                  Chicago
                </option>
                <option
                  value="New-York"
                >
                  New-York
                </option>
                <option
                  value="Seoul"
                >
                  Seoul
                </option>
                <option
                  value="Vienna"
                >
                  Vienna
                </option>
                <option
                  value="Dubai"
                >
                  Dubai
                </option>
              </select>
            </div>
            <div
              class="mb-3"
            >
              <label
                class="form-label"
                for="ticketPrice"
              >
                Ticket Price
              </label>
              <br />
              <input
                class="form-control"
                name="ticketPrice"
                required=""
                type="number"
                value=""
              />
            </div>
            <button
              class="btn btn-primary"
              type="submit"
            >
              Add
            </button>
            <button
              class="btn btn-danger mx-3"
              type="reset"
            >
              Cancel
            </button>
          </form>
        </div>
      </div>
    </div>
  </div>
</body>
    at Object.getElementError (C:\Users\Administrator\Downloads\airline-frontend-feature1\airline-frontend-feature1\node_modules\@testing-library\react\node_modules\@testing-library\dom\dist\config.js:37:19)
    at allQuery (C:\Users\Administrator\Downloads\airline-frontend-feature1\airline-frontend-feature1\node_modules\@testing-library\react\node_modules\@testing-library\dom\dist\queries\label-text.js:100:40)
    at query (C:\Users\Administrator\Downloads\airline-frontend-feature1\airline-frontend-feature1\node_modules\@testing-library\react\node_modules\@testing-library\dom\dist\query-helpers.js:52:17)
    at getByLabelText (C:\Users\Administrator\Downloads\airline-frontend-feature1\airline-frontend-feature1\node_modules\@testing-library\react\node_modules\@testing-library\dom\dist\query-helpers.js:95:19)
    at Object.<anonymous> (C:\Users\Administrator\Downloads\airline-frontend-feature1\airline-frontend-feature1\src\components\__tests__\AddFlight.test.js:23:23)
    at Promise.then.completed (C:\Users\Administrator\Downloads\airline-frontend-feature1\airline-frontend-feature1\node_modules\jest-circus\build\utils.js:391:28)
    at new Promise (<anonymous>)
    at callAsyncCircusFn (C:\Users\Administrator\Downloads\airline-frontend-feature1\airline-frontend-feature1\node_modules\jest-circus\build\utils.js:316:10)
    at _callCircusTest (C:\Users\Administrator\Downloads\airline-frontend-feature1\airline-frontend-feature1\node_modules\jest-circus\build\run.js:218:40)
    at _runTest (C:\Users\Administrator\Downloads\airline-frontend-feature1\airline-frontend-feature1\node_modules\jest-circus\build\run.js:155:3)
    at _runTestsForDescribeBlock (C:\Users\Administrator\Downloads\airline-frontend-feature1\airline-frontend-feature1\node_modules\jest-circus\build\run.js:66:9)
    at _runTestsForDescribeBlock (C:\Users\Administrator\Downloads\airline-frontend-feature1\airline-frontend-feature1\node_modules\jest-circus\build\run.js:60:9)
    at run (C:\Users\Administrator\Downloads\airline-frontend-feature1\airline-frontend-feature1\node_modules\jest-circus\build\run.js:25:3)
    at runAndTransformResultsToJestFormat (C:\Users\Administrator\Downloads\airline-frontend-feature1\airline-frontend-feature1\node_modules\jest-circus\build\legacy-code-todo-rewrite\jestAdapterInit.js:170:21)
    at jestAdapter (C:\Users\Administrator\Downloads\airline-frontend-feature1\airline-frontend-feature1\node_modules\jest-circus\build\legacy-code-todo-rewrite\jestAdapter.js:68:19)
    at runTestInternal (C:\Users\Administrator\Downloads\airline-frontend-feature1\airline-frontend-feature1\node_modules\jest-runner\build\runTest.js:250:16)
    at runTest (C:\Users\Administrator\Downloads\airline-frontend-feature1\airline-frontend-feature1\node_modules\jest-runner\build\runTest.js:310:7)]]></failure>
    </testCase>
    <testCase name="AddFlight Component submits form with flight data" duration="99">
      <failure message="TestingLibraryElementError: Found a label with the text of: Ticket Price, however no form control was found associated to that label. Make sure you&apos;re using the &quot;for&quot; attribute or &quot;aria-labelledby&quot; attribute correctly."><![CDATA[TestingLibraryElementError: Found a label with the text of: Ticket Price, however no form control was found associated to that label. Make sure you're using the "for" attribute or "aria-labelledby" attribute correctly.

Ignored nodes: comments, script, style
<body>
  <div>
    <div
      class="container"
    >
      <div
        class="card col-md-6 offset-md-3 offset-md-3 p-4 mt-5"
      >
        <h1>
          Add Flight
        </h1>
        <div
          class="card-body"
        >
          <form
            class=""
          >
            <div
              class="mb-3"
            >
              <label
                class="form-label"
                for="flightName"
              >
                Flight Name
              </label>
              <select
                class="form-select"
                id="flightName"
                name="flightName"
                required=""
              >
                <option>
                  Select Airline..
                </option>
                <option
                  value="Vistara"
                >
                  Vistara
                </option>
                <option
                  value="Air-Emirates"
                >
                  Air-Emirates
                </option>
                <option
                  value="Qatar Airways"
                >
                  Qatar Airways
                </option>
                <option
                  value="Air-India"
                >
                  Air-India
                </option>
                <option
                  value="Indigo"
                >
                  Indigo
                </option>
              </select>
            </div>
            <div
              class="mb-3"
            >
              <label
                class="form-label"
                for="source"
              >
                Source
              </label>
              <select
                class="form-select"
                id="source"
                name="source"
                required=""
              >
                <option>
                  Select Source..
                </option>
                <option
                  value="Pune"
                >
                  Pune
                </option>
                <option
                  value="Mumbai"
                >
                  Mumbai
                </option>
                <option
                  value="Chennai"
                >
                  Chennai
                </option>
                <option
                  value="Delhi"
                >
                  Delhi
                </option>
                <option
                  value="Kolkata"
                >
                  Kolkata
                </option>
              </select>
            </div>
            <div
              class="mb-3"
            >
              <label
                class="form-label"
                for="destination"
              >
                Destination
              </label>
              <select
                class="form-select"
                id="destination"
                name="destination"
                required=""
              >
                <option>
                  Select Destination..
                </option>
                <option
                  value="Chicago"
                >
                  Chicago
                </option>
                <option
                  value="New-York"
                >
                  New-York
                </option>
                <option
                  value="Seoul"
                >
                  Seoul
                </option>
                <option
                  value="Vienna"
                >
                  Vienna
                </option>
                <option
                  value="Dubai"
                >
                  Dubai
                </option>
              </select>
            </div>
            <div
              class="mb-3"
            >
              <label
                class="form-label"
                for="ticketPrice"
              >
                Ticket Price
              </label>
              <br />
              <input
                class="form-control"
                name="ticketPrice"
                required=""
                type="number"
                value=""
              />
            </div>
            <button
              class="btn btn-primary"
              type="submit"
            >
              Add
            </button>
            <button
              class="btn btn-danger mx-3"
              type="reset"
            >
              Cancel
            </button>
          </form>
        </div>
      </div>
    </div>
  </div>
</body>
    at Object.getElementError (C:\Users\Administrator\Downloads\airline-frontend-feature1\airline-frontend-feature1\node_modules\@testing-library\react\node_modules\@testing-library\dom\dist\config.js:37:19)
    at allQuery (C:\Users\Administrator\Downloads\airline-frontend-feature1\airline-frontend-feature1\node_modules\@testing-library\react\node_modules\@testing-library\dom\dist\queries\label-text.js:100:40)
    at query (C:\Users\Administrator\Downloads\airline-frontend-feature1\airline-frontend-feature1\node_modules\@testing-library\react\node_modules\@testing-library\dom\dist\query-helpers.js:52:17)
    at getByLabelText (C:\Users\Administrator\Downloads\airline-frontend-feature1\airline-frontend-feature1\node_modules\@testing-library\react\node_modules\@testing-library\dom\dist\query-helpers.js:95:19)
    at Object.<anonymous> (C:\Users\Administrator\Downloads\airline-frontend-feature1\airline-frontend-feature1\src\components\__tests__\AddFlight.test.js:49:33)
    at Promise.then.completed (C:\Users\Administrator\Downloads\airline-frontend-feature1\airline-frontend-feature1\node_modules\jest-circus\build\utils.js:391:28)
    at new Promise (<anonymous>)
    at callAsyncCircusFn (C:\Users\Administrator\Downloads\airline-frontend-feature1\airline-frontend-feature1\node_modules\jest-circus\build\utils.js:316:10)
    at _callCircusTest (C:\Users\Administrator\Downloads\airline-frontend-feature1\airline-frontend-feature1\node_modules\jest-circus\build\run.js:218:40)
    at _runTest (C:\Users\Administrator\Downloads\airline-frontend-feature1\airline-frontend-feature1\node_modules\jest-circus\build\run.js:155:3)
    at _runTestsForDescribeBlock (C:\Users\Administrator\Downloads\airline-frontend-feature1\airline-frontend-feature1\node_modules\jest-circus\build\run.js:66:9)
    at _runTestsForDescribeBlock (C:\Users\Administrator\Downloads\airline-frontend-feature1\airline-frontend-feature1\node_modules\jest-circus\build\run.js:60:9)
    at run (C:\Users\Administrator\Downloads\airline-frontend-feature1\airline-frontend-feature1\node_modules\jest-circus\build\run.js:25:3)
    at runAndTransformResultsToJestFormat (C:\Users\Administrator\Downloads\airline-frontend-feature1\airline-frontend-feature1\node_modules\jest-circus\build\legacy-code-todo-rewrite\jestAdapterInit.js:170:21)
    at jestAdapter (C:\Users\Administrator\Downloads\airline-frontend-feature1\airline-frontend-feature1\node_modules\jest-circus\build\legacy-code-todo-rewrite\jestAdapter.js:68:19)
    at runTestInternal (C:\Users\Administrator\Downloads\airline-frontend-feature1\airline-frontend-feature1\node_modules\jest-runner\build\runTest.js:250:16)
    at runTest (C:\Users\Administrator\Downloads\airline-frontend-feature1\airline-frontend-feature1\node_modules\jest-runner\build\runTest.js:310:7)]]></failure>
    </testCase>
  </file>
  <file path="C:\Users\Administrator\Downloads\airline-frontend-feature1\airline-frontend-feature1\src\App.test.js">
    <testCase name="renders header" duration="652">
      <failure message="Error: No window.location.(origin|href) available to create URL for href: /"><![CDATA[Error: No window.location.(origin|href) available to create URL for href: /
    at invariant (C:\Users\Administrator\Downloads\airline-frontend-feature1\airline-frontend-feature1\node_modules\@remix-run\router\history.ts:494:11)
    at createURL (C:\Users\Administrator\Downloads\airline-frontend-feature1\airline-frontend-feature1\node_modules\@remix-run\router\history.ts:697:5)
    at Object.encodeLocation (C:\Users\Administrator\Downloads\airline-frontend-feature1\airline-frontend-feature1\node_modules\@remix-run\router\history.ts:729:17)
    at map (C:\Users\Administrator\Downloads\airline-frontend-feature1\airline-frontend-feature1\node_modules\react-router\lib\hooks.tsx:476:27)
    at Array.map (<anonymous>)
    at useRoutesImpl (C:\Users\Administrator\Downloads\airline-frontend-feature1\airline-frontend-feature1\node_modules\react-router\lib\hooks.tsx:469:15)
    at useRoutes (C:\Users\Administrator\Downloads\airline-frontend-feature1\airline-frontend-feature1\node_modules\react-router\lib\hooks.tsx:344:10)
    at Component (C:\Users\Administrator\Downloads\airline-frontend-feature1\airline-frontend-feature1\node_modules\react-router\lib\components.tsx:515:10)
    at renderWithHooks (C:\Users\Administrator\Downloads\airline-frontend-feature1\airline-frontend-feature1\node_modules\react-dom\cjs\react-dom.development.js:15486:18)
    at mountIndeterminateComponent (C:\Users\Administrator\Downloads\airline-frontend-feature1\airline-frontend-feature1\node_modules\react-dom\cjs\react-dom.development.js:20103:13)
    at beginWork (C:\Users\Administrator\Downloads\airline-frontend-feature1\airline-frontend-feature1\node_modules\react-dom\cjs\react-dom.development.js:21626:16)
    at beginWork$1 (C:\Users\Administrator\Downloads\airline-frontend-feature1\airline-frontend-feature1\node_modules\react-dom\cjs\react-dom.development.js:27465:14)
    at performUnitOfWork (C:\Users\Administrator\Downloads\airline-frontend-feature1\airline-frontend-feature1\node_modules\react-dom\cjs\react-dom.development.js:26599:12)
    at workLoopSync (C:\Users\Administrator\Downloads\airline-frontend-feature1\airline-frontend-feature1\node_modules\react-dom\cjs\react-dom.development.js:26505:5)
    at renderRootSync (C:\Users\Administrator\Downloads\airline-frontend-feature1\airline-frontend-feature1\node_modules\react-dom\cjs\react-dom.development.js:26473:7)
    at recoverFromConcurrentError (C:\Users\Administrator\Downloads\airline-frontend-feature1\airline-frontend-feature1\node_modules\react-dom\cjs\react-dom.development.js:25889:20)
    at callback (C:\Users\Administrator\Downloads\airline-frontend-feature1\airline-frontend-feature1\node_modules\react-dom\cjs\react-dom.development.js:25789:22)
    at flushActQueue (C:\Users\Administrator\Downloads\airline-frontend-feature1\airline-frontend-feature1\node_modules\react\cjs\react.development.js:2667:24)
    at reactAct (C:\Users\Administrator\Downloads\airline-frontend-feature1\airline-frontend-feature1\node_modules\react\cjs\react.development.js:2582:11)
    at actImplementation (C:\Users\Administrator\Downloads\airline-frontend-feature1\airline-frontend-feature1\node_modules\react-dom\cjs\react-dom-test-utils.development.js:1740:10)
    at C:\Users\Administrator\Downloads\airline-frontend-feature1\airline-frontend-feature1\node_modules\@testing-library\react\dist\act-compat.js:63:25
    at renderRoot (C:\Users\Administrator\Downloads\airline-frontend-feature1\airline-frontend-feature1\node_modules\@testing-library\react\dist\pure.js:159:25)
    at render (C:\Users\Administrator\Downloads\airline-frontend-feature1\airline-frontend-feature1\node_modules\@testing-library\react\dist\pure.js:246:10)
    at Object.<anonymous> (C:\Users\Administrator\Downloads\airline-frontend-feature1\airline-frontend-feature1\src\App.test.js:5:9)
    at Promise.then.completed (C:\Users\Administrator\Downloads\airline-frontend-feature1\airline-frontend-feature1\node_modules\jest-circus\build\utils.js:391:28)
    at new Promise (<anonymous>)
    at callAsyncCircusFn (C:\Users\Administrator\Downloads\airline-frontend-feature1\airline-frontend-feature1\node_modules\jest-circus\build\utils.js:316:10)
    at _callCircusTest (C:\Users\Administrator\Downloads\airline-frontend-feature1\airline-frontend-feature1\node_modules\jest-circus\build\run.js:218:40)
    at _runTest (C:\Users\Administrator\Downloads\airline-frontend-feature1\airline-frontend-feature1\node_modules\jest-circus\build\run.js:155:3)
    at _runTestsForDescribeBlock (C:\Users\Administrator\Downloads\airline-frontend-feature1\airline-frontend-feature1\node_modules\jest-circus\build\run.js:66:9)
    at run (C:\Users\Administrator\Downloads\airline-frontend-feature1\airline-frontend-feature1\node_modules\jest-circus\build\run.js:25:3)
    at runAndTransformResultsToJestFormat (C:\Users\Administrator\Downloads\airline-frontend-feature1\airline-frontend-feature1\node_modules\jest-circus\build\legacy-code-todo-rewrite\jestAdapterInit.js:170:21)
    at jestAdapter (C:\Users\Administrator\Downloads\airline-frontend-feature1\airline-frontend-feature1\node_modules\jest-circus\build\legacy-code-todo-rewrite\jestAdapter.js:68:19)
    at runTestInternal (C:\Users\Administrator\Downloads\airline-frontend-feature1\airline-frontend-feature1\node_modules\jest-runner\build\runTest.js:250:16)
    at runTest (C:\Users\Administrator\Downloads\airline-frontend-feature1\airline-frontend-feature1\node_modules\jest-runner\build\runTest.js:310:7)]]></failure>
    </testCase>
  </file>
  <file path="C:\Users\Administrator\Downloads\airline-frontend-feature1\airline-frontend-feature1\src\components\__tests__\UpdateFlight.test.js">
    <testCase name="UpdateFlight Component loads and displays flight data" duration="1709">
      <failure message="Error: expect(jest.fn()).toHaveBeenCalledWith(...expected)"><![CDATA[Error: expect(jest.fn()).toHaveBeenCalledWith(...expected)

Expected: 1
Received: NaN

Number of calls: 1

Ignored nodes: comments, script, style
<html>
  <head />
  <body>
    <div>
      <div
        class="container"
      >
        <div
          class="card col-md-6 offset-md-3 offset-md-3 p-4 mt-5"
        >
          <h1>
            Update Flight
          </h1>
          <div
            class="card-body"
          >
            <form
              class=""
            >
              <div
                class="mb-3"
              >
                <label
                  class="form-label"
                  for="flightName"
                >
                  Flight Name
                </label>
                <select
                  class="form-select"
                  id="flightName"
                  name="flightName"
                  required=""
                >
                  <option
                    value=""
                  >
                    Select Airline..
                  </option>
                  <option
                    value="Vistara"
                  >
                    Vistara
                  </option>
                  <option
                    value="Air-Emirates"
                  >
                    Air-Emirates
                  </option>
                  <option
                    value="Qatar Airways"
                  >
                    Qatar Airways
                  </option>
                  <option
                    value="Air-India"
                  >
                    Air-India
                  </option>
                  <option
                    value="Indigo"
                  >
                    Indigo
                  </option>
                </select>
              </div>
              <div
                class="mb-3"
              >
                <label
                  class="form-label"
                  for="source"
                >
                  Source
                </label>
                <select
                  class="form-select"
                  id="source"
                  name="source"
                  required=""
                >
                  <option>
                    Select Source..
                  </option>
                  <option
                    value="Pune"
                  >
                    Pune
                  </option>
                  <option
                    value="Mumbai"
                  >
                    Mumbai
                  </option>
                  <option
                    value="Chennai"
                  >
                    Chennai
                  </option>
                  <option
                    value="Delhi"
                  >
                    Delhi
                  </option>
                  <option
                    value="Kolkata"
                  >
                    Kolkata
                  </option>
                </select>
              </div>
              <div
                class="mb-3"
              >
                <label
                  class="form-label"
                  for="destination"
                >
                  Destination
                </label>
                <select
                  class="form-select"
                  id="destination"
                  name="destination"
                  required=""
                >
                  <option>
                    Select Destination..
                  </option>
                  <option
                    value="Chicago"
                  >
                    Chicago
                  </option>
                  <option
                    value="New-York"
                  >
                    New-York
                  </option>
                  <option
                    value="Seoul"
                  >
                    Seoul
                  </option>
                  <option
                    value="Vienna"
                  >
                    Vienna
                  </option>
                  <option
                    value="Dubai"
                  >
                    Dubai
                  </option>
                </select>
              </div>
              <div
                class="mb-3"
              >
                <label
                  class="form-label"
                  for="ticketPrice"
                >
                  Ticket Price
                </label>
                <br />
                <input
                  class="form-control"
                  id="ticketPrice"
                  name="ticketPrice"
                  required=""
                  type="number"
                  value="45000"
                />
              </div>
              <button
                class="btn btn-primary"
                type="submit"
              >
                Add
              </button>
              <button
                class="btn btn-danger mx-3"
                type="reset"
              >
                Cancel
              </button>
            </form>
          </div>
        </div>
      </div>
    </div>
  </body>
</html>
    at callback (C:\Users\Administrator\Downloads\airline-frontend-feature1\airline-frontend-feature1\src\components\__tests__\UpdateFlight.test.js:41:50)
    at runWithExpensiveErrorDiagnosticsDisabled (C:\Users\Administrator\Downloads\airline-frontend-feature1\airline-frontend-feature1\node_modules\@testing-library\react\node_modules\@testing-library\dom\dist\config.js:47:12)
    at checkCallback (C:\Users\Administrator\Downloads\airline-frontend-feature1\airline-frontend-feature1\node_modules\@testing-library\react\node_modules\@testing-library\dom\dist\wait-for.js:127:76)
    at checkRealTimersCallback (C:\Users\Administrator\Downloads\airline-frontend-feature1\airline-frontend-feature1\node_modules\@testing-library\react\node_modules\@testing-library\dom\dist\wait-for.js:121:16)
    at Timeout.task [as _onTimeout] (C:\Users\Administrator\Downloads\airline-frontend-feature1\airline-frontend-feature1\node_modules\jsdom\lib\jsdom\browser\Window.js:516:19)
    at listOnTimeout (node:internal/timers:581:17)
    at processTimers (node:internal/timers:519:7)]]></failure>
    </testCase>
    <testCase name="UpdateFlight Component updates flight when form is submitted" duration="1327">
      <failure message="Error: expect(jest.fn()).toHaveBeenCalledWith(...expected)"><![CDATA[Error: expect(jest.fn()).toHaveBeenCalledWith(...expected)

Expected: 1, ObjectContaining {"ticketPrice": "50000"}
Received: NaN, {"destination": "", "flightName": "", "source": "", "ticketPrice": "50000"}

Number of calls: 1

Ignored nodes: comments, script, style
<html>
  <head />
  <body>
    <div>
      <div
        class="container"
      >
        <div
          class="card col-md-6 offset-md-3 offset-md-3 p-4 mt-5"
        >
          <h1>
            Update Flight
          </h1>
          <div
            class="card-body"
          >
            <form
              class=""
            >
              <div
                class="mb-3"
              >
                <label
                  class="form-label"
                  for="flightName"
                >
                  Flight Name
                </label>
                <select
                  class="form-select"
                  id="flightName"
                  name="flightName"
                  required=""
                >
                  <option
                    value=""
                  >
                    Select Airline..
                  </option>
                  <option
                    value="Vistara"
                  >
                    Vistara
                  </option>
                  <option
                    value="Air-Emirates"
                  >
                    Air-Emirates
                  </option>
                  <option
                    value="Qatar Airways"
                  >
                    Qatar Airways
                  </option>
                  <option
                    value="Air-India"
                  >
                    Air-India
                  </option>
                  <option
                    value="Indigo"
                  >
                    Indigo
                  </option>
                </select>
              </div>
              <div
                class="mb-3"
              >
                <label
                  class="form-label"
                  for="source"
                >
                  Source
                </label>
                <select
                  class="form-select"
                  id="source"
                  name="source"
                  required=""
                >
                  <option>
                    Select Source..
                  </option>
                  <option
                    value="Pune"
                  >
                    Pune
                  </option>
                  <option
                    value="Mumbai"
                  >
                    Mumbai
                  </option>
                  <option
                    value="Chennai"
                  >
                    Chennai
                  </option>
                  <option
                    value="Delhi"
                  >
                    Delhi
                  </option>
                  <option
                    value="Kolkata"
                  >
                    Kolkata
                  </option>
                </select>
              </div>
              <div
                class="mb-3"
              >
                <label
                  class="form-label"
                  for="destination"
                >
                  Destination
                </label>
                <select
                  class="form-select"
                  id="destination"
                  name="destination"
                  required=""
                >
                  <option>
                    Select Destination..
                  </option>
                  <option
                    value="Chicago"
                  >
                    Chicago
                  </option>
                  <option
                    value="New-York"
                  >
                    New-York
                  </option>
                  <option
                    value="Seoul"
                  >
                    Seoul
                  </option>
                  <option
                    value="Vienna"
                  >
                    Vienna
                  </option>
                  <option
                    value="Dubai"
                  >
                    Dubai
                  </option>
                </select>
              </div>
              <div
                class="mb-3"
              >
                <label
                  class="form-label"
                  for="ticketPrice"
                >
                  Ticket Price
                </label>
                <br />
                <input
                  class="form-control"
                  id="ticketPrice"
                  name="ticketPrice"
                  required=""
                  type="number"
                  value="45000"
                />
              </div>
              <button
                class="btn btn-primary"
                type="submit"
              >
                Add
              </button>
              <button
                class="btn btn-danger mx-3"
                type="reset"
              >
                Cancel
              </button>
            </form>
          </div>
        </div>
      </div>
    </div>
  </body>
</html>
    at callback (C:\Users\Administrator\Downloads\airline-frontend-feature1\airline-frontend-feature1\src\components\__tests__\UpdateFlight.test.js:72:49)
    at runWithExpensiveErrorDiagnosticsDisabled (C:\Users\Administrator\Downloads\airline-frontend-feature1\airline-frontend-feature1\node_modules\@testing-library\react\node_modules\@testing-library\dom\dist\config.js:47:12)
    at checkCallback (C:\Users\Administrator\Downloads\airline-frontend-feature1\airline-frontend-feature1\node_modules\@testing-library\react\node_modules\@testing-library\dom\dist\wait-for.js:127:76)
    at checkRealTimersCallback (C:\Users\Administrator\Downloads\airline-frontend-feature1\airline-frontend-feature1\node_modules\@testing-library\react\node_modules\@testing-library\dom\dist\wait-for.js:121:16)
    at Timeout.task [as _onTimeout] (C:\Users\Administrator\Downloads\airline-frontend-feature1\airline-frontend-feature1\node_modules\jsdom\lib\jsdom\browser\Window.js:516:19)
    at listOnTimeout (node:internal/timers:581:17)
    at processTimers (node:internal/timers:519:7)]]></failure>
    </testCase>
  </file>
  <file path="C:\Users\Administrator\Downloads\airline-frontend-feature1\airline-frontend-feature1\src\components\__tests__\ListFlight.test.js">
    <testCase name="ListFlight Component renders flight list table" duration="37"/>
    <testCase name="ListFlight Component navigates to add flight page" duration="18"/>
    <testCase name="ListFlight Component deletes flight when delete button is clicked" duration="31"/>
    <testCase name="ListFlight Component navigates to update page when update button is clicked" duration="32"/>
  </file>
  <file path="C:\Users\Administrator\Downloads\airline-frontend-feature1\airline-frontend-feature1\src\services\__tests__\FlightServices.test.js">
    <testCase name="FlightServices getAllFlights makes GET request" duration="1"/>
    <testCase name="FlightServices createFlight makes POST request" duration="1"/>
    <testCase name="FlightServices updateFlight makes PUT request" duration="1"/>
    <testCase name="FlightServices deleteFlight makes DELETE request" duration="0"/>
  </file>
</testExecutions>